<?xml version="1.0" encoding="UTF-8"?>
<testng-results ignored="1" total="2" passed="0" failed="1" skipped="0">
  <reporter-output>
  </reporter-output>
  <suite started-at="2022-01-27T20:04:05 IST" name="Suite" finished-at="2022-01-27T20:04:31 IST" duration-ms="25111">
    <groups>
    </groups>
    <test started-at="2022-01-27T20:04:05 IST" name="Test" finished-at="2022-01-27T20:04:31 IST" duration-ms="25111">
      <class name="test.smoke.smokeTest">
        <test-method is-config="true" signature="setUp()[pri:0, instance:test.smoke.smokeTest@3c73951]" started-at="2022-01-27T20:04:06 IST" name="setUp" finished-at="2022-01-27T20:04:19 IST" duration-ms="13546" status="PASS">
          <reporter-output>
          </reporter-output>
        </test-method> <!-- setUp -->
        <test-method signature="validateUserSuccessfullyLogin()[pri:0, instance:test.smoke.smokeTest@3c73951]" started-at="2022-01-27T20:04:19 IST" name="validateUserSuccessfullyLogin" finished-at="2022-01-27T20:04:30 IST" duration-ms="10440" status="FAIL">
          <exception class="java.lang.AssertionError">
            <message>
              <![CDATA[element is not displayed]]>
            </message>
            <full-stacktrace>
              <![CDATA[java.lang.AssertionError: element is not displayed
at org.testng.Assert.fail(Assert.java:99)
at spicejet.Basepage.TestBase.isElementPresent(TestBase.java:62)
at spicejet.Pages.LoginPage.loginToApplication(LoginPage.java:42)
at test.smoke.smokeTest.validateUserSuccessfullyLogin(smokeTest.java:51)
at java.base/jdk.internal.reflect.NativeMethodAccessorImpl.invoke0(Native Method)
at java.base/jdk.internal.reflect.NativeMethodAccessorImpl.invoke(NativeMethodAccessorImpl.java:64)
at java.base/jdk.internal.reflect.DelegatingMethodAccessorImpl.invoke(DelegatingMethodAccessorImpl.java:43)
at java.base/java.lang.reflect.Method.invoke(Method.java:564)
at org.testng.internal.MethodInvocationHelper.invokeMethod(MethodInvocationHelper.java:133)
at org.testng.internal.TestInvoker.invokeMethod(TestInvoker.java:598)
at org.testng.internal.TestInvoker.invokeTestMethod(TestInvoker.java:173)
at org.testng.internal.MethodRunner.runInSequence(MethodRunner.java:46)
at org.testng.internal.TestInvoker$MethodInvocationAgent.invoke(TestInvoker.java:824)
at org.testng.internal.TestInvoker.invokeTestMethods(TestInvoker.java:146)
at org.testng.internal.TestMethodWorker.invokeTestMethods(TestMethodWorker.java:146)
at org.testng.internal.TestMethodWorker.run(TestMethodWorker.java:128)
at java.base/java.util.ArrayList.forEach(ArrayList.java:1511)
at org.testng.TestRunner.privateRun(TestRunner.java:794)
at org.testng.TestRunner.run(TestRunner.java:596)
at org.testng.SuiteRunner.runTest(SuiteRunner.java:377)
at org.testng.SuiteRunner.runSequentially(SuiteRunner.java:371)
at org.testng.SuiteRunner.privateRun(SuiteRunner.java:332)
at org.testng.SuiteRunner.run(SuiteRunner.java:276)
at org.testng.SuiteRunnerWorker.runSuite(SuiteRunnerWorker.java:53)
at org.testng.SuiteRunnerWorker.run(SuiteRunnerWorker.java:96)
at org.testng.TestNG.runSuitesSequentially(TestNG.java:1212)
at org.testng.TestNG.runSuitesLocally(TestNG.java:1134)
at org.testng.TestNG.runSuites(TestNG.java:1063)
at org.testng.TestNG.run(TestNG.java:1031)
at org.testng.remote.AbstractRemoteTestNG.run(AbstractRemoteTestNG.java:115)
at org.testng.remote.RemoteTestNG.initAndRun(RemoteTestNG.java:251)
at org.testng.remote.RemoteTestNG.main(RemoteTestNG.java:77)
]]>
            </full-stacktrace>
          </exception> <!-- java.lang.AssertionError -->
          <reporter-output>
          </reporter-output>
        </test-method> <!-- validateUserSuccessfullyLogin -->
        <test-method is-config="true" signature="CloseBrowser()[pri:0, instance:test.smoke.smokeTest@3c73951]" started-at="2022-01-27T20:04:30 IST" name="CloseBrowser" finished-at="2022-01-27T20:04:31 IST" duration-ms="1014" status="PASS">
          <reporter-output>
          </reporter-output>
        </test-method> <!-- CloseBrowser -->
      </class> <!-- test.smoke.smokeTest -->
    </test> <!-- Test -->
  </suite> <!-- Suite -->
</testng-results>
